Build started 3/19/2021 7:09:46 PM.
     1>Project "C:\Users\Sumitro Uchhash\Documents\Visual Studio 2010\Projects\DemonSlayer\DemonSlayer\DemonSlayer.vcxproj" on node 2 (build target(s)).
     1>InitializeBuildStatus:
         Touching "Debug\DemonSlayer.unsuccessfulbuild".
       ClCompile:
         C:\Program Files (x86)\Microsoft Visual Studio 10.0\VC\bin\CL.exe /c /ZI /nologo /W3 /WX- /Od /Oy- /D _MBCS /Gm /EHsc /RTC1 /MDd /GS /fp:precise /Zc:wchar_t /Zc:forScope /Fo"Debug\\" /Fd"Debug\vc100.pdb" /Gd /TP /analyze- /errorReport:prompt iMain.cpp
         iMain.cpp
     1>c:\users\sumitro uchhash\documents\visual studio 2010\projects\demonslayer\demonslayer\imain.cpp(72): warning C4996: 'itoa': The POSIX name for this item is deprecated. Instead, use the ISO C++ conformant name: _itoa. See online help for details.
                 c:\program files (x86)\microsoft visual studio 10.0\vc\include\stdlib.h(867) : see declaration of 'itoa'
     1>c:\users\sumitro uchhash\documents\visual studio 2010\projects\demonslayer\demonslayer\imain.cpp(191): warning C4996: 'fopen': This function or variable may be unsafe. Consider using fopen_s instead. To disable deprecation, use _CRT_SECURE_NO_WARNINGS. See online help for details.
                 c:\program files (x86)\microsoft visual studio 10.0\vc\include\stdio.h(234) : see declaration of 'fopen'
     1>c:\users\sumitro uchhash\documents\visual studio 2010\projects\demonslayer\demonslayer\imain.cpp(249): warning C4996: 'fopen': This function or variable may be unsafe. Consider using fopen_s instead. To disable deprecation, use _CRT_SECURE_NO_WARNINGS. See online help for details.
                 c:\program files (x86)\microsoft visual studio 10.0\vc\include\stdio.h(234) : see declaration of 'fopen'
     1>c:\users\sumitro uchhash\documents\visual studio 2010\projects\demonslayer\demonslayer\imain.cpp(254): warning C4996: 'fscanf': This function or variable may be unsafe. Consider using fscanf_s instead. To disable deprecation, use _CRT_SECURE_NO_WARNINGS. See online help for details.
                 c:\program files (x86)\microsoft visual studio 10.0\vc\include\stdio.h(253) : see declaration of 'fscanf'
       Link:
         C:\Program Files (x86)\Microsoft Visual Studio 10.0\VC\bin\link.exe /ERRORREPORT:PROMPT /OUT:"C:\Users\Sumitro Uchhash\Documents\Visual Studio 2010\Projects\DemonSlayer\Debug\DemonSlayer.exe" /NOLOGO kernel32.lib user32.lib gdi32.lib winspool.lib comdlg32.lib advapi32.lib shell32.lib ole32.lib oleaut32.lib uuid.lib odbc32.lib odbccp32.lib /MANIFEST /ManifestFile:"Debug\DemonSlayer.exe.intermediate.manifest" /MANIFESTUAC:"level='asInvoker' uiAccess='false'" /DEBUG /PDB:"C:\Users\Sumitro Uchhash\Documents\Visual Studio 2010\Projects\DemonSlayer\Debug\DemonSlayer.pdb" /TLBID:1 /DYNAMICBASE /NXCOMPAT /IMPLIB:"C:\Users\Sumitro Uchhash\Documents\Visual Studio 2010\Projects\DemonSlayer\Debug\DemonSlayer.lib" /MACHINE:X86 Debug\iMain.obj
         LINK : C:\Users\Sumitro Uchhash\Documents\Visual Studio 2010\Projects\DemonSlayer\Debug\DemonSlayer.exe not found or not built by the last incremental link; performing full link
         DemonSlayer.vcxproj -> C:\Users\Sumitro Uchhash\Documents\Visual Studio 2010\Projects\DemonSlayer\Debug\DemonSlayer.exe
       Manifest:
         C:\Program Files (x86)\Microsoft SDKs\Windows\v7.0A\bin\mt.exe /nologo /verbose /outputresource:"C:\Users\Sumitro Uchhash\Documents\Visual Studio 2010\Projects\DemonSlayer\Debug\DemonSlayer.exe;#1" /manifest Debug\DemonSlayer.exe.intermediate.manifest
       FinalizeBuildStatus:
         Deleting file "Debug\DemonSlayer.unsuccessfulbuild".
         Touching "Debug\DemonSlayer.lastbuildstate".
     1>Done Building Project "C:\Users\Sumitro Uchhash\Documents\Visual Studio 2010\Projects\DemonSlayer\DemonSlayer\DemonSlayer.vcxproj" (build target(s)).

Build succeeded.

Time Elapsed 00:00:02.21
